15-Nov-2018 10:51:10.755 INFO [main] org.apache.catalina.startup.VersionLoggerListener.log Server version:        Apache Tomcat/9.0.13
15-Nov-2018 10:51:10.757 INFO [main] org.apache.catalina.startup.VersionLoggerListener.log Server built:          Nov 2 2018 14:27:55 UTC
15-Nov-2018 10:51:10.757 INFO [main] org.apache.catalina.startup.VersionLoggerListener.log Server number:         9.0.13.0
15-Nov-2018 10:51:10.757 INFO [main] org.apache.catalina.startup.VersionLoggerListener.log OS Name:               Linux
15-Nov-2018 10:51:10.757 INFO [main] org.apache.catalina.startup.VersionLoggerListener.log OS Version:            4.15.0-38-generic
15-Nov-2018 10:51:10.757 INFO [main] org.apache.catalina.startup.VersionLoggerListener.log Architecture:          amd64
15-Nov-2018 10:51:10.757 INFO [main] org.apache.catalina.startup.VersionLoggerListener.log Java Home:             /usr/lib/jvm/java-8-oracle/jre
15-Nov-2018 10:51:10.757 INFO [main] org.apache.catalina.startup.VersionLoggerListener.log JVM Version:           1.8.0_191-b12
15-Nov-2018 10:51:10.757 INFO [main] org.apache.catalina.startup.VersionLoggerListener.log JVM Vendor:            Oracle Corporation
15-Nov-2018 10:51:10.757 INFO [main] org.apache.catalina.startup.VersionLoggerListener.log CATALINA_BASE:         /home/dnery/Software/apache-tomcat-9.0.13
15-Nov-2018 10:51:10.757 INFO [main] org.apache.catalina.startup.VersionLoggerListener.log CATALINA_HOME:         /home/dnery/Software/apache-tomcat-9.0.13
15-Nov-2018 10:51:10.757 INFO [main] org.apache.catalina.startup.VersionLoggerListener.log Command line argument: -Djava.util.logging.config.file=/home/dnery/Software/apache-tomcat-9.0.13/conf/logging.properties
15-Nov-2018 10:51:10.758 INFO [main] org.apache.catalina.startup.VersionLoggerListener.log Command line argument: -Djava.util.logging.manager=org.apache.juli.ClassLoaderLogManager
15-Nov-2018 10:51:10.758 INFO [main] org.apache.catalina.startup.VersionLoggerListener.log Command line argument: -Djdk.tls.ephemeralDHKeySize=2048
15-Nov-2018 10:51:10.758 INFO [main] org.apache.catalina.startup.VersionLoggerListener.log Command line argument: -Djava.protocol.handler.pkgs=org.apache.catalina.webresources
15-Nov-2018 10:51:10.758 INFO [main] org.apache.catalina.startup.VersionLoggerListener.log Command line argument: -Dorg.apache.catalina.security.SecurityListener.UMASK=0027
15-Nov-2018 10:51:10.758 INFO [main] org.apache.catalina.startup.VersionLoggerListener.log Command line argument: -Dignore.endorsed.dirs=
15-Nov-2018 10:51:10.758 INFO [main] org.apache.catalina.startup.VersionLoggerListener.log Command line argument: -Dcatalina.base=/home/dnery/Software/apache-tomcat-9.0.13
15-Nov-2018 10:51:10.758 INFO [main] org.apache.catalina.startup.VersionLoggerListener.log Command line argument: -Dcatalina.home=/home/dnery/Software/apache-tomcat-9.0.13
15-Nov-2018 10:51:10.758 INFO [main] org.apache.catalina.startup.VersionLoggerListener.log Command line argument: -Djava.io.tmpdir=/home/dnery/Software/apache-tomcat-9.0.13/temp
15-Nov-2018 10:51:10.758 INFO [main] org.apache.catalina.core.AprLifecycleListener.lifecycleEvent The APR based Apache Tomcat Native library which allows optimal performance in production environments was not found on the java.library.path: [/usr/java/packages/lib/amd64:/usr/lib64:/lib64:/lib:/usr/lib]
15-Nov-2018 10:51:10.824 INFO [main] org.apache.coyote.AbstractProtocol.init Initializing ProtocolHandler ["http-nio-8080"]
15-Nov-2018 10:51:10.831 INFO [main] org.apache.tomcat.util.net.NioSelectorPool.getSharedSelector Using a shared selector for servlet write/read
15-Nov-2018 10:51:10.838 INFO [main] org.apache.coyote.AbstractProtocol.init Initializing ProtocolHandler ["ajp-nio-8009"]
15-Nov-2018 10:51:10.838 INFO [main] org.apache.tomcat.util.net.NioSelectorPool.getSharedSelector Using a shared selector for servlet write/read
15-Nov-2018 10:51:10.839 INFO [main] org.apache.catalina.startup.Catalina.load Initialization processed in 287 ms
15-Nov-2018 10:51:10.855 INFO [main] org.apache.catalina.core.StandardService.startInternal Starting service [Catalina]
15-Nov-2018 10:51:10.855 INFO [main] org.apache.catalina.core.StandardEngine.startInternal Starting Servlet Engine: Apache Tomcat/9.0.13
15-Nov-2018 10:51:10.860 INFO [main] org.apache.catalina.startup.HostConfig.deployDirectory Deploying web application directory [/home/dnery/Software/apache-tomcat-9.0.13/webapps/examples]
15-Nov-2018 10:51:11.153 INFO [main] org.apache.catalina.startup.HostConfig.deployDirectory Deployment of web application directory [/home/dnery/Software/apache-tomcat-9.0.13/webapps/examples] has finished in [293] ms
15-Nov-2018 10:51:11.153 INFO [main] org.apache.catalina.startup.HostConfig.deployDirectory Deploying web application directory [/home/dnery/Software/apache-tomcat-9.0.13/webapps/docs]
15-Nov-2018 10:51:11.162 INFO [main] org.apache.catalina.startup.HostConfig.deployDirectory Deployment of web application directory [/home/dnery/Software/apache-tomcat-9.0.13/webapps/docs] has finished in [9] ms
15-Nov-2018 10:51:11.162 INFO [main] org.apache.catalina.startup.HostConfig.deployDirectory Deploying web application directory [/home/dnery/Software/apache-tomcat-9.0.13/webapps/manager]
15-Nov-2018 10:51:11.176 INFO [main] org.apache.catalina.startup.HostConfig.deployDirectory Deployment of web application directory [/home/dnery/Software/apache-tomcat-9.0.13/webapps/manager] has finished in [14] ms
15-Nov-2018 10:51:11.176 INFO [main] org.apache.catalina.startup.HostConfig.deployDirectory Deploying web application directory [/home/dnery/Software/apache-tomcat-9.0.13/webapps/ROOT]
15-Nov-2018 10:51:11.184 INFO [main] org.apache.catalina.startup.HostConfig.deployDirectory Deployment of web application directory [/home/dnery/Software/apache-tomcat-9.0.13/webapps/ROOT] has finished in [8] ms
15-Nov-2018 10:51:11.184 INFO [main] org.apache.catalina.startup.HostConfig.deployDirectory Deploying web application directory [/home/dnery/Software/apache-tomcat-9.0.13/webapps/host-manager]
15-Nov-2018 10:51:11.193 INFO [main] org.apache.catalina.startup.HostConfig.deployDirectory Deployment of web application directory [/home/dnery/Software/apache-tomcat-9.0.13/webapps/host-manager] has finished in [8] ms
15-Nov-2018 10:51:11.194 INFO [main] org.apache.coyote.AbstractProtocol.start Starting ProtocolHandler ["http-nio-8080"]
15-Nov-2018 10:51:11.206 INFO [main] org.apache.coyote.AbstractProtocol.start Starting ProtocolHandler ["ajp-nio-8009"]
15-Nov-2018 10:51:11.207 INFO [main] org.apache.catalina.startup.Catalina.start Server startup in 367 ms
15-Nov-2018 11:02:27.785 INFO [main] org.apache.catalina.core.StandardServer.await A valid shutdown command was received via the shutdown port. Stopping the Server instance.
15-Nov-2018 11:02:27.786 INFO [main] org.apache.coyote.AbstractProtocol.pause Pausing ProtocolHandler ["http-nio-8080"]
15-Nov-2018 11:02:27.792 INFO [main] org.apache.coyote.AbstractProtocol.pause Pausing ProtocolHandler ["ajp-nio-8009"]
15-Nov-2018 11:02:27.798 INFO [main] org.apache.catalina.core.StandardService.stopInternal Stopping service [Catalina]
15-Nov-2018 11:02:27.815 INFO [main] org.apache.coyote.AbstractProtocol.stop Stopping ProtocolHandler ["http-nio-8080"]
15-Nov-2018 11:02:27.816 INFO [main] org.apache.coyote.AbstractProtocol.stop Stopping ProtocolHandler ["ajp-nio-8009"]
15-Nov-2018 11:02:27.816 INFO [main] org.apache.coyote.AbstractProtocol.destroy Destroying ProtocolHandler ["http-nio-8080"]
15-Nov-2018 11:02:27.817 INFO [main] org.apache.coyote.AbstractProtocol.destroy Destroying ProtocolHandler ["ajp-nio-8009"]
15-Nov-2018 12:46:45.639 INFO [main] org.apache.catalina.startup.VersionLoggerListener.log Server version:        Apache Tomcat/9.0.13
15-Nov-2018 12:46:45.641 INFO [main] org.apache.catalina.startup.VersionLoggerListener.log Server built:          Nov 2 2018 14:27:55 UTC
15-Nov-2018 12:46:45.641 INFO [main] org.apache.catalina.startup.VersionLoggerListener.log Server number:         9.0.13.0
15-Nov-2018 12:46:45.641 INFO [main] org.apache.catalina.startup.VersionLoggerListener.log OS Name:               Linux
15-Nov-2018 12:46:45.641 INFO [main] org.apache.catalina.startup.VersionLoggerListener.log OS Version:            4.15.0-38-generic
15-Nov-2018 12:46:45.641 INFO [main] org.apache.catalina.startup.VersionLoggerListener.log Architecture:          amd64
15-Nov-2018 12:46:45.641 INFO [main] org.apache.catalina.startup.VersionLoggerListener.log Java Home:             /usr/lib/jvm/java-8-oracle/jre
15-Nov-2018 12:46:45.641 INFO [main] org.apache.catalina.startup.VersionLoggerListener.log JVM Version:           1.8.0_191-b12
15-Nov-2018 12:46:45.641 INFO [main] org.apache.catalina.startup.VersionLoggerListener.log JVM Vendor:            Oracle Corporation
15-Nov-2018 12:46:45.641 INFO [main] org.apache.catalina.startup.VersionLoggerListener.log CATALINA_BASE:         /home/dnery/Software/apache-tomcat-9.0.13
15-Nov-2018 12:46:45.641 INFO [main] org.apache.catalina.startup.VersionLoggerListener.log CATALINA_HOME:         /home/dnery/Software/apache-tomcat-9.0.13
15-Nov-2018 12:46:45.641 INFO [main] org.apache.catalina.startup.VersionLoggerListener.log Command line argument: -Djava.util.logging.config.file=/home/dnery/Software/apache-tomcat-9.0.13/conf/logging.properties
15-Nov-2018 12:46:45.641 INFO [main] org.apache.catalina.startup.VersionLoggerListener.log Command line argument: -Djava.util.logging.manager=org.apache.juli.ClassLoaderLogManager
15-Nov-2018 12:46:45.641 INFO [main] org.apache.catalina.startup.VersionLoggerListener.log Command line argument: -Djdk.tls.ephemeralDHKeySize=2048
15-Nov-2018 12:46:45.641 INFO [main] org.apache.catalina.startup.VersionLoggerListener.log Command line argument: -Djava.protocol.handler.pkgs=org.apache.catalina.webresources
15-Nov-2018 12:46:45.642 INFO [main] org.apache.catalina.startup.VersionLoggerListener.log Command line argument: -Dorg.apache.catalina.security.SecurityListener.UMASK=0027
15-Nov-2018 12:46:45.642 INFO [main] org.apache.catalina.startup.VersionLoggerListener.log Command line argument: -Dignore.endorsed.dirs=
15-Nov-2018 12:46:45.642 INFO [main] org.apache.catalina.startup.VersionLoggerListener.log Command line argument: -Dcatalina.base=/home/dnery/Software/apache-tomcat-9.0.13
15-Nov-2018 12:46:45.642 INFO [main] org.apache.catalina.startup.VersionLoggerListener.log Command line argument: -Dcatalina.home=/home/dnery/Software/apache-tomcat-9.0.13
15-Nov-2018 12:46:45.642 INFO [main] org.apache.catalina.startup.VersionLoggerListener.log Command line argument: -Djava.io.tmpdir=/home/dnery/Software/apache-tomcat-9.0.13/temp
15-Nov-2018 12:46:45.642 INFO [main] org.apache.catalina.core.AprLifecycleListener.lifecycleEvent The APR based Apache Tomcat Native library which allows optimal performance in production environments was not found on the java.library.path: [/usr/java/packages/lib/amd64:/usr/lib64:/lib64:/lib:/usr/lib]
15-Nov-2018 12:46:45.706 INFO [main] org.apache.coyote.AbstractProtocol.init Initializing ProtocolHandler ["http-nio-8080"]
15-Nov-2018 12:46:45.712 INFO [main] org.apache.tomcat.util.net.NioSelectorPool.getSharedSelector Using a shared selector for servlet write/read
15-Nov-2018 12:46:45.719 INFO [main] org.apache.coyote.AbstractProtocol.init Initializing ProtocolHandler ["ajp-nio-8009"]
15-Nov-2018 12:46:45.719 INFO [main] org.apache.tomcat.util.net.NioSelectorPool.getSharedSelector Using a shared selector for servlet write/read
15-Nov-2018 12:46:45.725 INFO [main] org.apache.catalina.startup.Catalina.load Initialization processed in 286 ms
15-Nov-2018 12:46:45.741 INFO [main] org.apache.catalina.core.StandardService.startInternal Starting service [Catalina]
15-Nov-2018 12:46:45.741 INFO [main] org.apache.catalina.core.StandardEngine.startInternal Starting Servlet Engine: Apache Tomcat/9.0.13
15-Nov-2018 12:46:45.746 INFO [main] org.apache.catalina.startup.HostConfig.deployDirectory Deploying web application directory [/home/dnery/Software/apache-tomcat-9.0.13/webapps/examples]
15-Nov-2018 12:46:46.040 INFO [main] org.apache.catalina.startup.HostConfig.deployDirectory Deployment of web application directory [/home/dnery/Software/apache-tomcat-9.0.13/webapps/examples] has finished in [294] ms
15-Nov-2018 12:46:46.041 INFO [main] org.apache.catalina.startup.HostConfig.deployDirectory Deploying web application directory [/home/dnery/Software/apache-tomcat-9.0.13/webapps/docs]
15-Nov-2018 12:46:46.049 INFO [main] org.apache.catalina.startup.HostConfig.deployDirectory Deployment of web application directory [/home/dnery/Software/apache-tomcat-9.0.13/webapps/docs] has finished in [8] ms
15-Nov-2018 12:46:46.050 INFO [main] org.apache.catalina.startup.HostConfig.deployDirectory Deploying web application directory [/home/dnery/Software/apache-tomcat-9.0.13/webapps/manager]
15-Nov-2018 12:46:46.064 INFO [main] org.apache.catalina.startup.HostConfig.deployDirectory Deployment of web application directory [/home/dnery/Software/apache-tomcat-9.0.13/webapps/manager] has finished in [15] ms
15-Nov-2018 12:46:46.064 INFO [main] org.apache.catalina.startup.HostConfig.deployDirectory Deploying web application directory [/home/dnery/Software/apache-tomcat-9.0.13/webapps/ROOT]
15-Nov-2018 12:46:46.072 INFO [main] org.apache.catalina.startup.HostConfig.deployDirectory Deployment of web application directory [/home/dnery/Software/apache-tomcat-9.0.13/webapps/ROOT] has finished in [8] ms
15-Nov-2018 12:46:46.072 INFO [main] org.apache.catalina.startup.HostConfig.deployDirectory Deploying web application directory [/home/dnery/Software/apache-tomcat-9.0.13/webapps/host-manager]
15-Nov-2018 12:46:46.081 INFO [main] org.apache.catalina.startup.HostConfig.deployDirectory Deployment of web application directory [/home/dnery/Software/apache-tomcat-9.0.13/webapps/host-manager] has finished in [8] ms
15-Nov-2018 12:46:46.082 INFO [main] org.apache.coyote.AbstractProtocol.start Starting ProtocolHandler ["http-nio-8080"]
15-Nov-2018 12:46:46.091 INFO [main] org.apache.coyote.AbstractProtocol.start Starting ProtocolHandler ["ajp-nio-8009"]
15-Nov-2018 12:46:46.093 INFO [main] org.apache.catalina.startup.Catalina.start Server startup in 367 ms
15-Nov-2018 13:49:33.856 INFO [Thread-5] org.apache.coyote.AbstractProtocol.pause Pausing ProtocolHandler ["http-nio-8080"]
15-Nov-2018 13:49:33.870 INFO [Thread-5] org.apache.coyote.AbstractProtocol.pause Pausing ProtocolHandler ["ajp-nio-8009"]
15-Nov-2018 13:49:33.927 INFO [Thread-5] org.apache.catalina.core.StandardService.stopInternal Stopping service [Catalina]
15-Nov-2018 13:49:34.062 INFO [Thread-5] org.apache.coyote.AbstractProtocol.stop Stopping ProtocolHandler ["http-nio-8080"]
15-Nov-2018 13:49:34.065 INFO [Thread-5] org.apache.coyote.AbstractProtocol.stop Stopping ProtocolHandler ["ajp-nio-8009"]
15-Nov-2018 13:49:34.071 INFO [Thread-5] org.apache.coyote.AbstractProtocol.destroy Destroying ProtocolHandler ["http-nio-8080"]
15-Nov-2018 13:49:34.073 INFO [Thread-5] org.apache.coyote.AbstractProtocol.destroy Destroying ProtocolHandler ["ajp-nio-8009"]
15-Nov-2018 15:49:14.404 INFO [main] org.apache.catalina.startup.VersionLoggerListener.log Server version:        Apache Tomcat/9.0.13
15-Nov-2018 15:49:14.406 INFO [main] org.apache.catalina.startup.VersionLoggerListener.log Server built:          Nov 2 2018 14:27:55 UTC
15-Nov-2018 15:49:14.406 INFO [main] org.apache.catalina.startup.VersionLoggerListener.log Server number:         9.0.13.0
15-Nov-2018 15:49:14.406 INFO [main] org.apache.catalina.startup.VersionLoggerListener.log OS Name:               Linux
15-Nov-2018 15:49:14.406 INFO [main] org.apache.catalina.startup.VersionLoggerListener.log OS Version:            4.15.0-39-generic
15-Nov-2018 15:49:14.406 INFO [main] org.apache.catalina.startup.VersionLoggerListener.log Architecture:          amd64
15-Nov-2018 15:49:14.406 INFO [main] org.apache.catalina.startup.VersionLoggerListener.log Java Home:             /usr/lib/jvm/java-8-oracle/jre
15-Nov-2018 15:49:14.406 INFO [main] org.apache.catalina.startup.VersionLoggerListener.log JVM Version:           1.8.0_191-b12
15-Nov-2018 15:49:14.406 INFO [main] org.apache.catalina.startup.VersionLoggerListener.log JVM Vendor:            Oracle Corporation
15-Nov-2018 15:49:14.406 INFO [main] org.apache.catalina.startup.VersionLoggerListener.log CATALINA_BASE:         /home/dnery/Work/Onboarding/TeachMeQA/apache-tomcat-9.0.13
15-Nov-2018 15:49:14.406 INFO [main] org.apache.catalina.startup.VersionLoggerListener.log CATALINA_HOME:         /home/dnery/Work/Onboarding/TeachMeQA/apache-tomcat-9.0.13
15-Nov-2018 15:49:14.406 INFO [main] org.apache.catalina.startup.VersionLoggerListener.log Command line argument: -Djava.util.logging.config.file=/home/dnery/Work/Onboarding/TeachMeQA/apache-tomcat-9.0.13/conf/logging.properties
15-Nov-2018 15:49:14.406 INFO [main] org.apache.catalina.startup.VersionLoggerListener.log Command line argument: -Djava.util.logging.manager=org.apache.juli.ClassLoaderLogManager
15-Nov-2018 15:49:14.406 INFO [main] org.apache.catalina.startup.VersionLoggerListener.log Command line argument: -Djdk.tls.ephemeralDHKeySize=2048
15-Nov-2018 15:49:14.407 INFO [main] org.apache.catalina.startup.VersionLoggerListener.log Command line argument: -Djava.protocol.handler.pkgs=org.apache.catalina.webresources
15-Nov-2018 15:49:14.407 INFO [main] org.apache.catalina.startup.VersionLoggerListener.log Command line argument: -Dorg.apache.catalina.security.SecurityListener.UMASK=0027
15-Nov-2018 15:49:14.407 INFO [main] org.apache.catalina.startup.VersionLoggerListener.log Command line argument: -Dignore.endorsed.dirs=
15-Nov-2018 15:49:14.407 INFO [main] org.apache.catalina.startup.VersionLoggerListener.log Command line argument: -Dcatalina.base=/home/dnery/Work/Onboarding/TeachMeQA/apache-tomcat-9.0.13
15-Nov-2018 15:49:14.407 INFO [main] org.apache.catalina.startup.VersionLoggerListener.log Command line argument: -Dcatalina.home=/home/dnery/Work/Onboarding/TeachMeQA/apache-tomcat-9.0.13
15-Nov-2018 15:49:14.407 INFO [main] org.apache.catalina.startup.VersionLoggerListener.log Command line argument: -Djava.io.tmpdir=/home/dnery/Work/Onboarding/TeachMeQA/apache-tomcat-9.0.13/temp
15-Nov-2018 15:49:14.407 INFO [main] org.apache.catalina.core.AprLifecycleListener.lifecycleEvent The APR based Apache Tomcat Native library which allows optimal performance in production environments was not found on the java.library.path: [/usr/java/packages/lib/amd64:/usr/lib64:/lib64:/lib:/usr/lib]
15-Nov-2018 15:49:14.500 INFO [main] org.apache.coyote.AbstractProtocol.init Initializing ProtocolHandler ["http-nio-8080"]
15-Nov-2018 15:49:14.513 INFO [main] org.apache.tomcat.util.net.NioSelectorPool.getSharedSelector Using a shared selector for servlet write/read
15-Nov-2018 15:49:14.520 INFO [main] org.apache.coyote.AbstractProtocol.init Initializing ProtocolHandler ["ajp-nio-8009"]
15-Nov-2018 15:49:14.520 INFO [main] org.apache.tomcat.util.net.NioSelectorPool.getSharedSelector Using a shared selector for servlet write/read
15-Nov-2018 15:49:14.521 INFO [main] org.apache.catalina.startup.Catalina.load Initialization processed in 360 ms
15-Nov-2018 15:49:14.540 INFO [main] org.apache.catalina.core.StandardService.startInternal Starting service [Catalina]
15-Nov-2018 15:49:14.540 INFO [main] org.apache.catalina.core.StandardEngine.startInternal Starting Servlet Engine: Apache Tomcat/9.0.13
15-Nov-2018 15:49:14.544 INFO [main] org.apache.catalina.startup.HostConfig.deployDirectory Deploying web application directory [/home/dnery/Work/Onboarding/TeachMeQA/apache-tomcat-9.0.13/webapps/examples]
15-Nov-2018 15:49:14.853 INFO [main] org.apache.catalina.startup.HostConfig.deployDirectory Deployment of web application directory [/home/dnery/Work/Onboarding/TeachMeQA/apache-tomcat-9.0.13/webapps/examples] has finished in [309] ms
15-Nov-2018 15:49:14.853 INFO [main] org.apache.catalina.startup.HostConfig.deployDirectory Deploying web application directory [/home/dnery/Work/Onboarding/TeachMeQA/apache-tomcat-9.0.13/webapps/docs]
15-Nov-2018 15:49:14.862 INFO [main] org.apache.catalina.startup.HostConfig.deployDirectory Deployment of web application directory [/home/dnery/Work/Onboarding/TeachMeQA/apache-tomcat-9.0.13/webapps/docs] has finished in [9] ms
15-Nov-2018 15:49:14.862 INFO [main] org.apache.catalina.startup.HostConfig.deployDirectory Deploying web application directory [/home/dnery/Work/Onboarding/TeachMeQA/apache-tomcat-9.0.13/webapps/manager]
15-Nov-2018 15:49:14.876 INFO [main] org.apache.catalina.startup.HostConfig.deployDirectory Deployment of web application directory [/home/dnery/Work/Onboarding/TeachMeQA/apache-tomcat-9.0.13/webapps/manager] has finished in [14] ms
15-Nov-2018 15:49:14.877 INFO [main] org.apache.catalina.startup.HostConfig.deployDirectory Deploying web application directory [/home/dnery/Work/Onboarding/TeachMeQA/apache-tomcat-9.0.13/webapps/ROOT]
15-Nov-2018 15:49:14.884 INFO [main] org.apache.catalina.startup.HostConfig.deployDirectory Deployment of web application directory [/home/dnery/Work/Onboarding/TeachMeQA/apache-tomcat-9.0.13/webapps/ROOT] has finished in [7] ms
15-Nov-2018 15:49:14.885 INFO [main] org.apache.catalina.startup.HostConfig.deployDirectory Deploying web application directory [/home/dnery/Work/Onboarding/TeachMeQA/apache-tomcat-9.0.13/webapps/host-manager]
15-Nov-2018 15:49:14.893 INFO [main] org.apache.catalina.startup.HostConfig.deployDirectory Deployment of web application directory [/home/dnery/Work/Onboarding/TeachMeQA/apache-tomcat-9.0.13/webapps/host-manager] has finished in [8] ms
15-Nov-2018 15:49:14.895 INFO [main] org.apache.coyote.AbstractProtocol.start Starting ProtocolHandler ["http-nio-8080"]
15-Nov-2018 15:49:14.907 INFO [main] org.apache.coyote.AbstractProtocol.start Starting ProtocolHandler ["ajp-nio-8009"]
15-Nov-2018 15:49:14.922 INFO [main] org.apache.catalina.startup.Catalina.start Server startup in 400 ms
